Compiling the CXX compiler identification source file "CMakeCXXCompilerId.cpp" failed.
Compiler: CMAKE_CXX_COMPILER-NOTFOUND 
Build flags: 
Id flags:  

The output was:
No such file or directory


Compiling the CXX compiler identification source file "CMakeCXXCompilerId.cpp" failed.
Compiler: CMAKE_CXX_COMPILER-NOTFOUND 
Build flags: 
Id flags: -c 

The output was:
No such file or directory


Compiling the CXX compiler identification source file "CMakeCXXCompilerId.cpp" failed.
Compiler: CMAKE_CXX_COMPILER-NOTFOUND 
Build flags: 
Id flags: --c++ 

The output was:
No such file or directory


Compiling the CXX compiler identification source file "CMakeCXXCompilerId.cpp" failed.
Compiler: CMAKE_CXX_COMPILER-NOTFOUND 
Build flags: 
Id flags: --ec++ 

The output was:
No such file or directory


Compiling the CXX compiler identification source file "CMakeCXXCompilerId.cpp" failed.
Compiler: CMAKE_CXX_COMPILER-NOTFOUND 
Build flags: 
Id flags:  

The output was:
No such file or directory


Compiling the CXX compiler identification source file "CMakeCXXCompilerId.cpp" failed.
Compiler: CMAKE_CXX_COMPILER-NOTFOUND 
Build flags: 
Id flags: -c 

The output was:
No such file or directory


Compiling the CXX compiler identification source file "CMakeCXXCompilerId.cpp" failed.
Compiler: CMAKE_CXX_COMPILER-NOTFOUND 
Build flags: 
Id flags: --c++ 

The output was:
No such file or directory


Compiling the CXX compiler identification source file "CMakeCXXCompilerId.cpp" failed.
Compiler: CMAKE_CXX_COMPILER-NOTFOUND 
Build flags: 
Id flags: --ec++ 

The output was:
No such file or directory


Determining if the pthread_create exist failed with the following output:
Change Dir: /home/ramji/Desktop/CS525/build/CMakeFiles/CMakeTmp

Run Build Command:"/usr/bin/make" "cmTC_e3c2f/fast"
/usr/bin/make -f CMakeFiles/cmTC_e3c2f.dir/build.make CMakeFiles/cmTC_e3c2f.dir/build
make[1]: Entering directory '/home/ramji/Desktop/CS525/build/CMakeFiles/CMakeTmp'
Building C object CMakeFiles/cmTC_e3c2f.dir/CheckSymbolExists.c.o
/usr/bin/cc    -o CMakeFiles/cmTC_e3c2f.dir/CheckSymbolExists.c.o   -c /home/ramji/Desktop/CS525/build/CMakeFiles/CMakeTmp/CheckSymbolExists.c
Linking C executable cmTC_e3c2f
/usr/bin/cmake -E cmake_link_script CMakeFiles/cmTC_e3c2f.dir/link.txt --verbose=1
/usr/bin/cc      -rdynamic CMakeFiles/cmTC_e3c2f.dir/CheckSymbolExists.c.o  -o cmTC_e3c2f 
CMakeFiles/cmTC_e3c2f.dir/CheckSymbolExists.c.o: In function `main':
CheckSymbolExists.c:(.text+0x1b): undefined reference to `pthread_create'
collect2: error: ld returned 1 exit status
CMakeFiles/cmTC_e3c2f.dir/build.make:97: recipe for target 'cmTC_e3c2f' failed
make[1]: *** [cmTC_e3c2f] Error 1
make[1]: Leaving directory '/home/ramji/Desktop/CS525/build/CMakeFiles/CMakeTmp'
Makefile:126: recipe for target 'cmTC_e3c2f/fast' failed
make: *** [cmTC_e3c2f/fast] Error 2

File /home/ramji/Desktop/CS525/build/CMakeFiles/CMakeTmp/CheckSymbolExists.c:
/* */
#include <pthread.h>

int main(int argc, char** argv)
{
  (void)argv;
#ifndef pthread_create
  return ((int*)(&pthread_create))[argc];
#else
  (void)argc;
  return 0;
#endif
}

Determining if the function pthread_create exists in the pthreads failed with the following output:
Change Dir: /home/ramji/Desktop/CS525/build/CMakeFiles/CMakeTmp

Run Build Command:"/usr/bin/make" "cmTC_a397b/fast"
/usr/bin/make -f CMakeFiles/cmTC_a397b.dir/build.make CMakeFiles/cmTC_a397b.dir/build
make[1]: Entering directory '/home/ramji/Desktop/CS525/build/CMakeFiles/CMakeTmp'
Building C object CMakeFiles/cmTC_a397b.dir/CheckFunctionExists.c.o
/usr/bin/cc   -DCHECK_FUNCTION_EXISTS=pthread_create   -o CMakeFiles/cmTC_a397b.dir/CheckFunctionExists.c.o   -c /usr/share/cmake-3.10/Modules/CheckFunctionExists.c
Linking C executable cmTC_a397b
/usr/bin/cmake -E cmake_link_script CMakeFiles/cmTC_a397b.dir/link.txt --verbose=1
/usr/bin/cc  -DCHECK_FUNCTION_EXISTS=pthread_create    -rdynamic CMakeFiles/cmTC_a397b.dir/CheckFunctionExists.c.o  -o cmTC_a397b -lpthreads 
/usr/bin/ld: cannot find -lpthreads
collect2: error: ld returned 1 exit status
CMakeFiles/cmTC_a397b.dir/build.make:97: recipe for target 'cmTC_a397b' failed
make[1]: *** [cmTC_a397b] Error 1
make[1]: Leaving directory '/home/ramji/Desktop/CS525/build/CMakeFiles/CMakeTmp'
Makefile:126: recipe for target 'cmTC_a397b/fast' failed
make: *** [cmTC_a397b/fast] Error 2


Performing C SOURCE FILE Test CMAKE_HAVE_LIBC_PTHREAD failed with the following output:
Change Dir: /home/ramji/Desktop/CS525/build/CMakeFiles/CMakeTmp

Run Build Command(s):/usr/bin/make cmTC_48e87/fast && /usr/bin/make -f CMakeFiles/cmTC_48e87.dir/build.make CMakeFiles/cmTC_48e87.dir/build
make[1]: Entering directory '/home/ramji/Desktop/CS525/build/CMakeFiles/CMakeTmp'
Building C object CMakeFiles/cmTC_48e87.dir/src.c.o
/usr/bin/cc   -DCMAKE_HAVE_LIBC_PTHREAD   -o CMakeFiles/cmTC_48e87.dir/src.c.o   -c /home/ramji/Desktop/CS525/build/CMakeFiles/CMakeTmp/src.c
Linking C executable cmTC_48e87
/usr/bin/cmake -E cmake_link_script CMakeFiles/cmTC_48e87.dir/link.txt --verbose=1
/usr/bin/cc  -DCMAKE_HAVE_LIBC_PTHREAD    -rdynamic CMakeFiles/cmTC_48e87.dir/src.c.o  -o cmTC_48e87 
CMakeFiles/cmTC_48e87.dir/src.c.o: In function `main':
src.c:(.text+0x3e): undefined reference to `pthread_create'
src.c:(.text+0x4a): undefined reference to `pthread_detach'
src.c:(.text+0x56): undefined reference to `pthread_cancel'
src.c:(.text+0x67): undefined reference to `pthread_join'
src.c:(.text+0x7b): undefined reference to `pthread_atfork'
collect2: error: ld returned 1 exit status
CMakeFiles/cmTC_48e87.dir/build.make:103: recipe for target 'cmTC_48e87' failed
make[1]: *** [cmTC_48e87] Error 1
make[1]: Leaving directory '/home/ramji/Desktop/CS525/build/CMakeFiles/CMakeTmp'
Makefile:138: recipe for target 'cmTC_48e87/fast' failed
make: *** [cmTC_48e87/fast] Error 2


Source file was:
#include <pthread.h>

void* test_func(void* data)
{
  return data;
}

int main(void)
{
  pthread_t thread;
  pthread_create(&thread, NULL, test_func, NULL);
  pthread_detach(thread);
  pthread_cancel(thread);
  pthread_join(thread, NULL);
  pthread_atfork(NULL, NULL, NULL);
  pthread_exit(NULL);

  return 0;
}

